Arguments: 
  /usr/local/bin/node /Users/Will/.yarn/bin/yarn.js add babel-core -D

PATH: 
  /usr/local/lib/node_modules/npm/node_modules/npm-lifecycle/node-gyp-bin:/Users/Will/jrs/code/counter-app/node_modules/.bin:/Users/Will/.yarn/bin:/Users/Will/.config/yarn/global/node_modules/.bin:/Library/Frameworks/Python.framework/Versions/3.6/bin:/usr/local/bin:/usr/bin:/bin:/usr/sbin:/sbin:/opt/X11/bin:/usr/local/share/dotnet:/Library/Frameworks/Mono.framework/Versions/Current/Commands

Yarn version: 
  1.7.0

Node version: 
  8.11.2

Platform: 
  darwin x64

Trace: 
  Error: ENOENT: no such file or directory, copyfile '/Users/Will/Library/Caches/Yarn/v1/npm-browserslist-3.2.8-b0005361d6471f0f5952797a76fc985f1f978fc6/browser.js' -> '/Users/Will/jrs/code/counter-app/node_modules/babel-preset-env/node_modules/browserslist/browser.js'

npm manifest: 
  {
    "name": "counter-app",
    "version": "1.0.0",
    "description": "",
    "main": "index.js",
    "scripts": {
      "start": "parcel -p 1337 public/index.html",
      "test": "echo \"Error: no test specified\" && exit 1"
    },
    "keywords": [],
    "author": "",
    "license": "ISC",
    "dependencies": {
      "@reactions/component": "^2.0.2",
      "react": "^16.4.1",
      "react-dom": "^16.4.1"
    },
    "devDependencies": {
      "babel-plugin-transform-class-properties": "^6.24.1",
      "babel-preset-env": "^1.7.0",
      "babel-preset-react": "^6.24.1",
      "parcel-bundler": "^1.9.4"
    }
  }

yarn manifest: 
  No manifest

Lockfile: 
  No lockfile
